<?xml version="1.0" encoding="UTF-8"?>
<!-- Generated by org.testng.reporters.JUnitReportReporter -->
<testsuite hostname="Tasin" failures="0" tests="1" name="Test_run.runnig_class" time="0.037" errors="0" timestamp="2024-05-21T14:58:17 EDT" skipped="0">
  <testcase classname="Test_run.runnig_class" name="feature" time="0.037"/>
  <system-out/>
</testsuite> <!-- Test_run.runnig_class -->
