<?xml version="1.0" encoding="UTF-8"?>
<!-- Generated by org.testng.reporters.JUnitReportReporter -->
<testsuite hostname="Tasin" failures="0" tests="1" name="com.next.itc.Automation_project.Multipul_scenarion" time="12.840" errors="0" timestamp="2024-05-08T17:53:16 EDT" skipped="0">
  <testcase classname="com.next.itc.Automation_project.Multipul_scenarion" name="love" time="12.840"/>
  <system-out/>
</testsuite> <!-- com.next.itc.Automation_project.Multipul_scenarion -->
