<?xml version="1.0" encoding="UTF-8"?>
<!-- Generated by org.testng.reporters.JUnitReportReporter -->
<testsuite hostname="Tasin" failures="0" tests="1" name="com.next.itc.Automation_project.drop_demo" time="9.489" errors="0" timestamp="2024-05-02T18:15:30 EDT" skipped="0">
  <testcase classname="com.next.itc.Automation_project.drop_demo" name="taba" time="9.489"/>
  <system-out/>
</testsuite> <!-- com.next.itc.Automation_project.drop_demo -->
