<?xml version="1.0" encoding="UTF-8"?>
<!-- Generated by org.testng.reporters.JUnitReportReporter -->
<testsuite hostname="Tasin" failures="0" tests="1" name="com.next.itc.Automation_project.mouse_demo" time="20.004" errors="0" timestamp="2024-05-07T17:29:43 EDT" skipped="0">
  <testcase classname="com.next.itc.Automation_project.mouse_demo" name="good" time="20.004"/>
  <system-out/>
</testsuite> <!-- com.next.itc.Automation_project.mouse_demo -->
