<?xml version="1.0" encoding="UTF-8"?>
<!-- Generated by org.testng.reporters.JUnitReportReporter -->
<testsuite hostname="Tasin" failures="0" tests="1" name="com.next.itc.Automation_project.frame_work" time="12.494" errors="0" timestamp="2024-05-07T17:30:51 EDT" skipped="0">
  <testcase classname="com.next.itc.Automation_project.frame_work" name="abid" time="12.494"/>
  <system-out/>
</testsuite> <!-- com.next.itc.Automation_project.frame_work -->
