<?xml version="1.0" encoding="UTF-8"?>
<!-- Generated by org.testng.reporters.JUnitReportReporter -->
<testsuite hostname="Tasin" failures="0" tests="1" name="com.next.itc.Automation_project.Multi_window" time="17.971" errors="0" timestamp="2024-05-08T16:54:57 EDT" skipped="0">
  <testcase classname="com.next.itc.Automation_project.Multi_window" name="hot" time="17.971"/>
  <system-out/>
</testsuite> <!-- com.next.itc.Automation_project.Multi_window -->
