<?xml version="1.0" encoding="UTF-8"?>
<!-- Generated by org.testng.reporters.JUnitReportReporter -->
<testsuite hostname="Tasin" failures="0" tests="1" name="com.next.itc.Automation_project.scroll" time="17.465" errors="0" timestamp="2024-05-07T17:16:46 EDT" skipped="0">
  <testcase classname="com.next.itc.Automation_project.scroll" name="funtime" time="17.465"/>
  <system-out/>
</testsuite> <!-- com.next.itc.Automation_project.scroll -->
