<?xml version="1.0" encoding="UTF-8"?>
<!-- Generated by org.testng.reporters.JUnitReportReporter -->
<testsuite hostname="Tasin" failures="0" tests="1" name="com.nice.lo.Goodjob.login_scroll" time="11.274" errors="0" timestamp="2024-05-04T21:27:43 EDT" skipped="0">
  <testcase classname="com.nice.lo.Goodjob.login_scroll" name="funtime" time="11.274"/>
  <system-out/>
</testsuite> <!-- com.nice.lo.Goodjob.login_scroll -->
