<?xml version="1.0" encoding="UTF-8"?>
<!-- Generated by org.testng.reporters.JUnitReportReporter -->
<testsuite hostname="Tasin" failures="0" tests="1" name="com.nice.lo.Goodjob.koko" time="13.629" errors="0" timestamp="2024-04-27T15:22:17 EDT" skipped="0">
  <testcase classname="com.nice.lo.Goodjob.koko" name="taba" time="13.629"/>
  <system-out/>
</testsuite> <!-- com.nice.lo.Goodjob.koko -->
