<?xml version="1.0" encoding="UTF-8"?>
<!-- Generated by org.testng.reporters.JUnitReportReporter -->
<testsuite hostname="Tasin" failures="0" tests="1" name="Test_runner.Our_testrunner" time="0.043" errors="0" timestamp="2024-05-15T13:23:41 EDT" skipped="0">
  <testcase classname="Test_runner.Our_testrunner" name="feature" time="0.043"/>
  <system-out/>
</testsuite> <!-- Test_runner.Our_testrunner -->
